#
# There is insufficient memory for the Java Runtime Environment to continue.
# Native memory allocation (malloc) failed to allocate 827536 bytes for Chunk::new
# Possible reasons:
#   The system is out of physical RAM or swap space
#   In 32 bit mode, the process size limit was hit
# Possible solutions:
#   Reduce memory load on the system
#   Increase physical memory or swap space
#   Check if swap backing store is full
#   Use 64 bit Java on a 64 bit OS
#   Decrease Java heap size (-Xmx/-Xms)
#   Decrease number of Java threads
#   Decrease Java thread stack sizes (-Xss)
#   Set larger code cache with -XX:ReservedCodeCacheSize=
# This output file may be truncated or incomplete.
#
#  Out of Memory Error (allocation.cpp:390), pid=3864, tid=6192
#
# JRE version: Java(TM) SE Runtime Environment (8.0_66-b18) (build 1.8.0_66-b18)
# Java VM: Java HotSpot(TM) 64-Bit Server VM (25.66-b18 mixed mode windows-amd64 compressed oops)
# Failed to write core dump. Minidumps are not enabled by default on client versions of Windows
#

---------------  T H R E A D  ---------------

Current thread (0x0000000056462800):  JavaThread "C2 CompilerThread0" daemon [_thread_in_native, id=6192, stack(0x0000000056d10000,0x0000000056e10000)]

Stack: [0x0000000056d10000,0x0000000056e10000]
[error occurred during error reporting (printing stack bounds), id 0xc0000005]

Native frames: (J=compiled Java code, j=interpreted, Vv=VM code, C=native code)


Current CompileTask:
C2:   1233 1130       4       java.io.WinNTFileSystem::normalize (143 bytes)


---------------  P R O C E S S  ---------------

Java Threads: ( => current thread )
  0x0000000057f2f000 JavaThread "Stdin handler" [_thread_blocked, id=6752, stack(0x0000000059190000,0x0000000059290000)]
  0x0000000057f57000 JavaThread "Daemon worker" [_thread_in_Java, id=2144, stack(0x00000000593e0000,0x00000000594e0000)]
  0x0000000057f2e800 JavaThread "Cancel handler" [_thread_blocked, id=3532, stack(0x0000000059520000,0x0000000059620000)]
  0x0000000057f69000 JavaThread "Handler for socket connection from /127.0.0.1:58441 to /127.0.0.1:58442" [_thread_in_native, id=2288, stack(0x00000000592b0000,0x00000000593b0000)]
  0x0000000057f68800 JavaThread "Daemon" [_thread_blocked, id=3772, stack(0x0000000059060000,0x0000000059160000)]
  0x0000000057dc7800 JavaThread "Incoming local TCP Connector on port 58441" [_thread_in_native, id=6652, stack(0x0000000058d60000,0x0000000058e60000)]
  0x00000000564e7000 JavaThread "Service Thread" daemon [_thread_blocked, id=5016, stack(0x0000000057060000,0x0000000057160000)]
  0x000000005646b000 JavaThread "C1 CompilerThread2" daemon [_thread_blocked, id=6140, stack(0x0000000056bc0000,0x0000000056cc0000)]
  0x000000005646a000 JavaThread "C2 CompilerThread1" daemon [_thread_in_native, id=5396, stack(0x0000000056e80000,0x0000000056f80000)]
=>0x0000000056462800 JavaThread "C2 CompilerThread0" daemon [_thread_in_native, id=6192, stack(0x0000000056d10000,0x0000000056e10000)]
  0x0000000055097000 JavaThread "Attach Listener" daemon [_thread_blocked, id=2836, stack(0x0000000056880000,0x0000000056980000)]
  0x0000000055095000 JavaThread "Signal Dispatcher" daemon [_thread_blocked, id=4276, stack(0x0000000056a30000,0x0000000056b30000)]
  0x000000005503b800 JavaThread "Finalizer" daemon [_thread_blocked, id=3284, stack(0x0000000056360000,0x0000000056460000)]
  0x0000000055034800 JavaThread "Reference Handler" daemon [_thread_blocked, id=4616, stack(0x00000000561f0000,0x00000000562f0000)]
  0x0000000002168000 JavaThread "main" [_thread_blocked, id=6628, stack(0x00000000022e0000,0x00000000023e0000)]

Other Threads:
  0x000000005502f800 VMThread [stack: 0x00000000560c0000,0x00000000561c0000] [id=4752]
  0x00000000564f2800 WatcherThread [stack: 0x00000000571b0000,0x00000000572b0000] [id=5432]

VM state:not at safepoint (normal execution)

VM Mutex/Monitor currently owned by a thread: None

Heap:
 PSYoungGen      total 18944K, used 18935K [0x00000000eab00000, 0x00000000ec000000, 0x0000000100000000)
  eden space 16384K, 99% used [0x00000000eab00000,0x00000000ebafece0,0x00000000ebb00000)
  from space 2560K, 99% used [0x00000000ebd80000,0x00000000ebfff0f0,0x00000000ec000000)
  to   space 2560K, 0% used [0x00000000ebb00000,0x00000000ebb00000,0x00000000ebd80000)
 ParOldGen       total 44032K, used 1290K [0x00000000c0000000, 0x00000000c2b00000, 0x00000000eab00000)
  object space 44032K, 2% used [0x00000000c0000000,0x00000000c0142870,0x00000000c2b00000)
 Metaspace       used 11015K, capacity 11394K, committed 11648K, reserved 1058816K
  class space    used 1479K, capacity 1611K, committed 1664K, reserved 1048576K

Card table byte_map: [0x0000000011af0000,0x0000000011d00000] byte_map_base: 0x00000000114f0000

Marking Bits: (ParMarkBitMap*) 0x0000000070b2a5b0
 Begin Bits: [0x00000000124a0000, 0x00000000134a0000)
 End Bits:   [0x00000000134a0000, 0x00000000144a0000)

Polling page: 0x0000000000240000

CodeCache: size=245760Kb used=3853Kb max_used=3853Kb free=241906Kb
 bounds [0x0000000002730000, 0x0000000002b00000, 0x0000000011730000]
 total_blobs=1496 nmethods=1148 adapters=261
 compilation: enabled

Compilation events (10 events):
Event: 1.219 Thread 0x000000005646b000 1146       3       java.lang.String::lastIndexOf (151 bytes)
Event: 1.220 Thread 0x000000005646b000 nmethod 1146 0x0000000002af5650 code [0x0000000002af5800, 0x0000000002af5d50]
Event: 1.224 Thread 0x000000005646b000 1147       3       java.lang.String::lastIndexOf (25 bytes)
Event: 1.224 Thread 0x000000005646b000 nmethod 1147 0x0000000002aefa50 code [0x0000000002aefbc0, 0x0000000002aefd68]
Event: 1.225 Thread 0x000000005646b000 1148       3       java.lang.String::lastIndexOf (11 bytes)
Event: 1.225 Thread 0x000000005646b000 nmethod 1148 0x0000000002af5110 code [0x0000000002af5280, 0x0000000002af5508]
Event: 1.228 Thread 0x000000005646b000 1149       3       java.lang.reflect.Modifier::isStatic (13 bytes)
Event: 1.228 Thread 0x000000005646b000 nmethod 1149 0x0000000002af4dd0 code [0x0000000002af4f20, 0x0000000002af50b0]
Event: 1.228 Thread 0x000000005646b000 1150       3       sun.reflect.generics.parser.SignatureParser::parseIdentifier (115 bytes)
Event: 1.229 Thread 0x000000005646b000 nmethod 1150 0x0000000002af2490 code [0x0000000002af26e0, 0x0000000002af3358]

GC Heap History (4 events):
Event: 0.406 GC heap before
{Heap before GC invocations=1 (full 0):
 PSYoungGen      total 18944K, used 16384K [0x00000000eab00000, 0x00000000ec000000, 0x0000000100000000)
  eden space 16384K, 100% used [0x00000000eab00000,0x00000000ebb00000,0x00000000ebb00000)
  from space 2560K, 0% used [0x00000000ebd80000,0x00000000ebd80000,0x00000000ec000000)
  to   space 2560K, 0% used [0x00000000ebb00000,0x00000000ebb00000,0x00000000ebd80000)
 ParOldGen       total 44032K, used 0K [0x00000000c0000000, 0x00000000c2b00000, 0x00000000eab00000)
  object space 44032K, 0% used [0x00000000c0000000,0x00000000c0000000,0x00000000c2b00000)
 Metaspace       used 6446K, capacity 6632K, committed 6784K, reserved 1056768K
  class space    used 839K, capacity 888K, committed 896K, reserved 1048576K
Event: 0.410 GC heap after
Heap after GC invocations=1 (full 0):
 PSYoungGen      total 18944K, used 2530K [0x00000000eab00000, 0x00000000ec000000, 0x0000000100000000)
  eden space 16384K, 0% used [0x00000000eab00000,0x00000000eab00000,0x00000000ebb00000)
  from space 2560K, 98% used [0x00000000ebb00000,0x00000000ebd78888,0x00000000ebd80000)
  to   space 2560K, 0% used [0x00000000ebd80000,0x00000000ebd80000,0x00000000ec000000)
 ParOldGen       total 44032K, used 960K [0x00000000c0000000, 0x00000000c2b00000, 0x00000000eab00000)
  object space 44032K, 2% used [0x00000000c0000000,0x00000000c00f02f8,0x00000000c2b00000)
 Metaspace       used 6446K, capacity 6632K, committed 6784K, reserved 1056768K
  class space    used 839K, capacity 888K, committed 896K, reserved 1048576K
}
Event: 0.688 GC heap before
{Heap before GC invocations=2 (full 0):
 PSYoungGen      total 18944K, used 18914K [0x00000000eab00000, 0x00000000ec000000, 0x0000000100000000)
  eden space 16384K, 100% used [0x00000000eab00000,0x00000000ebb00000,0x00000000ebb00000)
  from space 2560K, 98% used [0x00000000ebb00000,0x00000000ebd78888,0x00000000ebd80000)
  to   space 2560K, 0% used [0x00000000ebd80000,0x00000000ebd80000,0x00000000ec000000)
 ParOldGen       total 44032K, used 960K [0x00000000c0000000, 0x00000000c2b00000, 0x00000000eab00000)
  object space 44032K, 2% used [0x00000000c0000000,0x00000000c00f02f8,0x00000000c2b00000)
 Metaspace       used 7666K, capacity 7872K, committed 8064K, reserved 1056768K
  class space    used 1001K, capacity 1088K, committed 1152K, reserved 1048576K
Event: 0.691 GC heap after
Heap after GC invocations=2 (full 0):
 PSYoungGen      total 18944K, used 2556K [0x00000000eab00000, 0x00000000ec000000, 0x0000000100000000)
  eden space 16384K, 0% used [0x00000000eab00000,0x00000000eab00000,0x00000000ebb00000)
  from space 2560K, 99% used [0x00000000ebd80000,0x00000000ebfff0f0,0x00000000ec000000)
  to   space 2560K, 0% used [0x00000000ebb00000,0x00000000ebb00000,0x00000000ebd80000)
 ParOldGen       total 44032K, used 1290K [0x00000000c0000000, 0x00000000c2b00000, 0x00000000eab00000)
  object space 44032K, 2% used [0x00000000c0000000,0x00000000c0142870,0x00000000c2b00000)
 Metaspace       used 7666K, capacity 7872K, committed 8064K, reserved 1056768K
  class space    used 1001K, capacity 1088K, committed 1152K, reserved 1048576K
}

Deoptimization events (10 events):
Event: 0.206 Thread 0x0000000002168000 Uncommon trap: reason=unstable_if action=reinterpret pc=0x000000000287a588 method=java.net.URI.match(CJJ)Z @ 19
Event: 0.400 Thread 0x0000000002168000 Uncommon trap: reason=unstable_if action=reinterpret pc=0x000000000292eae0 method=java.lang.String.indexOf([CII[CIII)I @ 3
Event: 0.674 Thread 0x0000000002168000 Uncommon trap: reason=class_check action=maybe_recompile pc=0x0000000002969bd0 method=java.util.regex.Matcher.match(II)Z @ 86
Event: 0.674 Thread 0x0000000002168000 Uncommon trap: reason=bimorphic action=maybe_recompile pc=0x0000000002969ca4 method=java.util.regex.Pattern$Slice.match(Ljava/util/regex/Matcher;ILjava/lang/CharSequence;)Z @ 75
Event: 0.682 Thread 0x0000000002168000 Uncommon trap: reason=class_check action=maybe_recompile pc=0x0000000002969bd0 method=java.util.regex.Matcher.match(II)Z @ 86
Event: 1.074 Thread 0x0000000057dc7800 Uncommon trap: reason=unstable_if action=reinterpret pc=0x00000000029754b4 method=java.util.HashMap.putVal(ILjava/lang/Object;Ljava/lang/Object;ZZ)Ljava/lang/Object; @ 193
Event: 1.178 Thread 0x0000000057f57000 Uncommon trap: reason=bimorphic action=maybe_recompile pc=0x00000000029728cc method=java.util.HashMap.putVal(ILjava/lang/Object;Ljava/lang/Object;ZZ)Ljava/lang/Object; @ 253
Event: 1.178 Thread 0x0000000057f57000 Uncommon trap: reason=bimorphic action=maybe_recompile pc=0x00000000029728cc method=java.util.HashMap.putVal(ILjava/lang/Object;Ljava/lang/Object;ZZ)Ljava/lang/Object; @ 253
Event: 1.178 Thread 0x0000000057f57000 Uncommon trap: reason=bimorphic action=maybe_recompile pc=0x00000000029728cc method=java.util.HashMap.putVal(ILjava/lang/Object;Ljava/lang/Object;ZZ)Ljava/lang/Object; @ 253
Event: 1.178 Thread 0x0000000057f57000 Uncommon trap: reason=bimorphic action=maybe_recompile pc=0x00000000029728cc method=java.util.HashMap.putVal(ILjava/lang/Object;Ljava/lang/Object;ZZ)Ljava/lang/Object; @ 253

Internal exceptions (10 events):
Event: 1.143 Thread 0x0000000057f69000 Exception <a 'java/lang/NoSuchMethodError': <clinit>> (0x00000000eb357b68) thrown at [C:\re\workspace\8-2-build-windows-amd64-cygwin\jdk8u66\5298\hotspot\src\share\vm\prims\jni.cpp, line 1591]
Event: 1.166 Thread 0x0000000057f57000 Exception <a 'java/lang/NoSuchMethodError': <clinit>> (0x00000000eb474a50) thrown at [C:\re\workspace\8-2-build-windows-amd64-cygwin\jdk8u66\5298\hotspot\src\share\vm\prims\jni.cpp, line 1591]
Event: 1.166 Thread 0x0000000057f57000 Exception <a 'java/lang/NoSuchMethodError': <clinit>> (0x00000000eb47ccb0) thrown at [C:\re\workspace\8-2-build-windows-amd64-cygwin\jdk8u66\5298\hotspot\src\share\vm\prims\jni.cpp, line 1591]
Event: 1.210 Thread 0x0000000057f57000 Exception <a 'java/lang/ArrayIndexOutOfBoundsException'> (0x00000000eb84d660) thrown at [C:\re\workspace\8-2-build-windows-amd64-cygwin\jdk8u66\5298\hotspot\src\share\vm\runtime\sharedRuntime.cpp, line 605]
Event: 1.212 Thread 0x0000000057f57000 Exception <a 'java/lang/ArrayIndexOutOfBoundsException'> (0x00000000eb87ca08) thrown at [C:\re\workspace\8-2-build-windows-amd64-cygwin\jdk8u66\5298\hotspot\src\share\vm\runtime\sharedRuntime.cpp, line 605]
Event: 1.212 Thread 0x0000000057f57000 Exception <a 'java/lang/ArrayIndexOutOfBoundsException'> (0x00000000eb87ec80) thrown at [C:\re\workspace\8-2-build-windows-amd64-cygwin\jdk8u66\5298\hotspot\src\share\vm\runtime\sharedRuntime.cpp, line 605]
Event: 1.212 Thread 0x0000000057f57000 Exception <a 'java/lang/ArrayIndexOutOfBoundsException'> (0x00000000eb881790) thrown at [C:\re\workspace\8-2-build-windows-amd64-cygwin\jdk8u66\5298\hotspot\src\share\vm\runtime\sharedRuntime.cpp, line 605]
Event: 1.228 Thread 0x0000000057f57000 Exception <a 'java/lang/ArrayIndexOutOfBoundsException'> (0x00000000eba33450) thrown at [C:\re\workspace\8-2-build-windows-amd64-cygwin\jdk8u66\5298\hotspot\src\share\vm\runtime\sharedRuntime.cpp, line 605]
Event: 1.228 Thread 0x0000000057f57000 Exception <a 'java/lang/ArrayIndexOutOfBoundsException'> (0x00000000eba366f0) thrown at [C:\re\workspace\8-2-build-windows-amd64-cygwin\jdk8u66\5298\hotspot\src\share\vm\runtime\sharedRuntime.cpp, line 605]
Event: 1.229 Thread 0x0000000057f57000 Exception <a 'java/lang/ArrayIndexOutOfBoundsException'> (0x00000000eba4be70) thrown at [C:\re\workspace\8-2-build-windows-amd64-cygwin\jdk8u66\5298\hotspot\src\share\vm\runtime\sharedRuntime.cpp, line 605]

Events (10 events):
Event: 1.230 loading class org/gradle/api/internal/artifacts/dsl/dependencies/ProjectFinder
Event: 1.230 loading class org/gradle/api/internal/artifacts/dsl/dependencies/ProjectFinder done
Event: 1.230 loading class org/gradle/internal/resource/transport/http/HttpSettings
Event: 1.230 loading class org/gradle/internal/resource/transport/http/HttpSettings done
Event: 1.231 loading class org/gradle/plugin/use/resolve/service/internal/OfflinePluginResolutionServiceClient
Event: 1.231 loading class org/gradle/plugin/use/resolve/service/internal/OfflinePluginResolutionServiceClient done
Event: 1.232 loading class org/gradle/plugin/use/resolve/service/internal/PluginResolutionServiceClient
Event: 1.232 loading class org/gradle/plugin/use/resolve/service/internal/PluginResolutionServiceClient done
Event: 1.232 loading class org/gradle/plugin/use/resolve/service/internal/HttpPluginResolutionServiceClient
Event: 1.232 loading class org/gradle/plugin/use/resolve/service/internal/HttpPluginResolutionServiceClient done


Dynamic libraries:
0x000000013fdb0000 - 0x000000013fde7000 	C:\Program Files\Java\jdk1.8.0_66\bin\java.exe
0x00000000775b0000 - 0x0000000077759000 	C:\Windows\SYSTEM32\ntdll.dll
0x0000000077390000 - 0x00000000774b0000 	C:\Windows\system32\kernel32.dll
0x000007fefd850000 - 0x000007fefd8bc000 	C:\Windows\system32\KERNELBASE.dll
0x000007fefdc80000 - 0x000007fefdd5b000 	C:\Windows\system32\ADVAPI32.dll
0x000007fefd8c0000 - 0x000007fefd95f000 	C:\Windows\system32\msvcrt.dll
0x000007fefdfe0000 - 0x000007fefdfff000 	C:\Windows\SYSTEM32\sechost.dll
0x000007fefe000000 - 0x000007fefe12d000 	C:\Windows\system32\RPCRT4.dll
0x00000000774b0000 - 0x00000000775aa000 	C:\Windows\system32\USER32.dll
0x000007fefe650000 - 0x000007fefe6b7000 	C:\Windows\system32\GDI32.dll
0x000007fefe4e0000 - 0x000007fefe4ee000 	C:\Windows\system32\LPK.dll
0x000007fefe390000 - 0x000007fefe45a000 	C:\Windows\system32\USP10.dll
0x000007fefbb60000 - 0x000007fefbd54000 	C:\Windows\WinSxS\amd64_microsoft.windows.common-controls_6595b64144ccf1df_6.0.7601.18837_none_fa3b1e3d17594757\COMCTL32.dll
0x000007fefdd60000 - 0x000007fefddd1000 	C:\Windows\system32\SHLWAPI.dll
0x000007fefe4f0000 - 0x000007fefe51e000 	C:\Windows\system32\IMM32.DLL
0x000007fefd960000 - 0x000007fefda69000 	C:\Windows\system32\MSCTF.dll
0x0000000061b60000 - 0x0000000061c32000 	C:\Program Files\Java\jdk1.8.0_66\jre\bin\msvcr100.dll
0x0000000070320000 - 0x0000000070ba9000 	C:\Program Files\Java\jdk1.8.0_66\jre\bin\server\jvm.dll
0x000007fefa470000 - 0x000007fefa479000 	C:\Windows\system32\WSOCK32.dll
0x000007fefddf0000 - 0x000007fefde3d000 	C:\Windows\system32\WS2_32.dll
0x000007fefdde0000 - 0x000007fefdde8000 	C:\Windows\system32\NSI.dll
0x000007fefbad0000 - 0x000007fefbb0b000 	C:\Windows\system32\WINMM.dll
0x000007fefc600000 - 0x000007fefc60c000 	C:\Windows\system32\VERSION.dll
0x0000000077780000 - 0x0000000077787000 	C:\Windows\system32\PSAPI.DLL
0x0000000061f00000 - 0x0000000061f0f000 	C:\Program Files\Java\jdk1.8.0_66\jre\bin\verify.dll
0x0000000061c70000 - 0x0000000061c99000 	C:\Program Files\Java\jdk1.8.0_66\jre\bin\java.dll
0x0000000061db0000 - 0x0000000061dc6000 	C:\Program Files\Java\jdk1.8.0_66\jre\bin\zip.dll
0x000007fefe6c0000 - 0x000007feff449000 	C:\Windows\system32\SHELL32.dll
0x000007fefda70000 - 0x000007fefdc73000 	C:\Windows\system32\ole32.dll
0x000007fefd4b0000 - 0x000007fefd4bf000 	C:\Windows\system32\profapi.dll
0x000007fefcd80000 - 0x000007fefcd98000 	C:\Windows\system32\CRYPTSP.dll
0x000007fefca80000 - 0x000007fefcac7000 	C:\Windows\system32\rsaenh.dll
0x000007fefc7e0000 - 0x000007fefc7fe000 	C:\Windows\system32\USERENV.dll
0x000007fefd3e0000 - 0x000007fefd3ef000 	C:\Windows\system32\CRYPTBASE.dll
0x0000000061b40000 - 0x0000000061b5a000 	C:\Program Files\Java\jdk1.8.0_66\jre\bin\net.dll
0x000007fefcd20000 - 0x000007fefcd75000 	C:\Windows\system32\mswsock.dll
0x000007fefcd10000 - 0x000007fefcd17000 	C:\Windows\System32\wship6.dll
0x000007fefb730000 - 0x000007fefb757000 	C:\Windows\system32\IPHLPAPI.DLL
0x000007fefb720000 - 0x000007fefb72b000 	C:\Windows\system32\WINNSI.DLL
0x000007fefb360000 - 0x000007fefb371000 	C:\Windows\system32\dhcpcsvc6.DLL
0x000007fefb3d0000 - 0x000007fefb3e8000 	C:\Windows\system32\dhcpcsvc.DLL
0x0000000060e00000 - 0x0000000060e11000 	C:\Program Files\Java\jdk1.8.0_66\jre\bin\nio.dll
0x000007fef80b0000 - 0x000007fef80c2000 	C:\Users\tinaye\AppData\Local\Temp\native-platform1338481392115286992dir\native-platform.dll

VM Arguments:
jvm_args: -XX:MaxPermSize=256m -XX:+HeapDumpOnOutOfMemoryError -Xmx1024m -Dfile.encoding=windows-1252 -Duser.country=US -Duser.language=en -Duser.variant 
java_command: org.gradle.launcher.daemon.bootstrap.GradleDaemon 2.2.1 C:\Users\tinaye\.gradle\daemon 10800000 b3be8d7f-97c0-4469-9c98-d7862c2bf089 -XX:MaxPermSize=256m -XX:+HeapDumpOnOutOfMemoryError -Xmx1024m -Dfile.encoding=windows-1252 -Duser.country=US -Duser.language=en -Duser.variant
java_class_path (initial): C:\Users\tinaye\.gradle\wrapper\dists\gradle-2.2.1-all\2m8005s69iu8v0oiejfej094b\gradle-2.2.1\lib\gradle-launcher-2.2.1.jar
Launcher Type: SUN_STANDARD

Environment Variables:
JAVA_HOME=C:\Program Files\Java\jdk1.8.0_66
CLASSPATH=C:\Users\tinaye\Desktop\me\platforms\android\\gradle\wrapper\gradle-wrapper.jar
PATH=C:\Users\tinaye\AppData\Roaming\npm;C:\Program Files\nodejs\;C:\ProgramData\Oracle\Java\javapath;C:\Program Files (x86)\Intel\iCLS Client\;C:\Program Files\Intel\iCLS Client\;C:\Windows\system32;C:\Windows;C:\Windows\System32\Wbem;C:\Windows\System32\WindowsPowerShell\v1.0\;C:\Program Files\Intel\Intel(R) Management Engine Components\DAL;C:\Program Files\Intel\Intel(R) Management Engine Components\IPT;C:\Program Files (x86)\Intel\Intel(R) Management Engine Components\DAL;C:\Program Files (x86)\Intel\Intel(R) Management Engine Components\IPT;C:\Program Files\Java\jre1.8.0_66\bin;C:\Program Files\ant\bin;C:\Program Files\Java\jdk1.8.0_66\bin;C:\Program Files\android-sdk-windows\tools;C:\Program Files\android-sdk-windows\platform-tools;C:\Program Files\nodejs\;C:\Users\tinaye\AppData\Roaming\npm
USERNAME=TinaYe
OS=Windows_NT
PROCESSOR_IDENTIFIER=Intel64 Family 6 Model 69 Stepping 1, GenuineIntel



---------------  S Y S T E M  ---------------

OS: Windows 7 , 64 bit Build 7601 (6.1.7601.19045)

CPU:total 4 (2 cores per cpu, 2 threads per core) family 6 model 69 stepping 1, cmov, cx8, fxsr, mmx, sse, sse2, sse3, ssse3, sse4.1, sse4.2, popcnt, avx, avx2, aes, clmul, erms, rtm, lzcnt, ht, tsc, tscinvbit, bmi1, bmi2

Memory: 4k page, physical 4097552k(397416k free), swap 4095716k(5144k free)

vm_info: Java HotSpot(TM) 64-Bit Server VM (25.66-b18) for windows-amd64 JRE (1.8.0_66-b18), built on Nov  9 2015 10:51:13 by "java_re" with MS VC++ 10.0 (VS2010)

time: Tue Jan 19 18:32:28 2016
elapsed time: 1 seconds (0d 0h 0m 1s)

