#
# There is insufficient memory for the Java Runtime Environment to continue.
# Native memory allocation (malloc) failed to allocate 1043216 bytes for Chunk::new
# Possible reasons:
#   The system is out of physical RAM or swap space
#   In 32 bit mode, the process size limit was hit
# Possible solutions:
#   Reduce memory load on the system
#   Increase physical memory or swap space
#   Check if swap backing store is full
#   Use 64 bit Java on a 64 bit OS
#   Decrease Java heap size (-Xmx/-Xms)
#   Decrease number of Java threads
#   Decrease Java thread stack sizes (-Xss)
#   Set larger code cache with -XX:ReservedCodeCacheSize=
# This output file may be truncated or incomplete.
#
#  Out of Memory Error (allocation.cpp:390), pid=6868, tid=6840
#
# JRE version: Java(TM) SE Runtime Environment (8.0_66-b18) (build 1.8.0_66-b18)
# Java VM: Java HotSpot(TM) 64-Bit Server VM (25.66-b18 mixed mode windows-amd64 compressed oops)
# Failed to write core dump. Minidumps are not enabled by default on client versions of Windows
#

---------------  T H R E A D  ---------------

Current thread (0x0000000056559000):  JavaThread "C2 CompilerThread1" daemon [_thread_in_native, id=6840, stack(0x0000000056ee0000,0x0000000056fe0000)]

Stack: [0x0000000056ee0000,0x0000000056fe0000]
[error occurred during error reporting (printing stack bounds), id 0xc0000005]

Native frames: (J=compiled Java code, j=interpreted, Vv=VM code, C=native code)


Current CompileTask:
C2:   2109 1414       4       java.net.URLClassLoader$1::run (5 bytes)


---------------  P R O C E S S  ---------------

Java Threads: ( => current thread )
  0x0000000057d98800 JavaThread "Stdin handler" [_thread_blocked, id=4520, stack(0x0000000059740000,0x0000000059840000)]
  0x0000000057c42000 JavaThread "Daemon worker" [_thread_in_native, id=5584, stack(0x0000000059600000,0x0000000059700000)]
  0x0000000057d95000 JavaThread "Cancel handler" [_thread_blocked, id=3996, stack(0x00000000594a0000,0x00000000595a0000)]
  0x0000000057d65000 JavaThread "Handler for socket connection from /127.0.0.1:58160 to /127.0.0.1:58161" [_thread_in_native, id=5312, stack(0x0000000058d60000,0x0000000058e60000)]
  0x0000000057d62000 JavaThread "Daemon" [_thread_blocked, id=6188, stack(0x00000000592b0000,0x00000000593b0000)]
  0x000000005788d000 JavaThread "Incoming local TCP Connector on port 58160" [_thread_in_native, id=2212, stack(0x0000000058eb0000,0x0000000058fb0000)]
  0x000000005522f000 JavaThread "Service Thread" daemon [_thread_blocked, id=5788, stack(0x0000000056350000,0x0000000056450000)]
  0x000000005655a800 JavaThread "C1 CompilerThread2" daemon [_thread_blocked, id=3120, stack(0x0000000057070000,0x0000000057170000)]
=>0x0000000056559000 JavaThread "C2 CompilerThread1" daemon [_thread_in_native, id=6840, stack(0x0000000056ee0000,0x0000000056fe0000)]
  0x0000000056552800 JavaThread "C2 CompilerThread0" daemon [_thread_in_native, id=6976, stack(0x0000000056d80000,0x0000000056e80000)]
  0x0000000055227800 JavaThread "Attach Listener" daemon [_thread_blocked, id=6756, stack(0x00000000569d0000,0x0000000056ad0000)]
  0x0000000055225000 JavaThread "Signal Dispatcher" daemon [_thread_blocked, id=6520, stack(0x0000000056ae0000,0x0000000056be0000)]
  0x00000000551cc000 JavaThread "Finalizer" daemon [_thread_blocked, id=5016, stack(0x0000000056120000,0x0000000056220000)]
  0x00000000551c5000 JavaThread "Reference Handler" daemon [_thread_blocked, id=6244, stack(0x0000000056450000,0x0000000056550000)]
  0x0000000002338000 JavaThread "main" [_thread_blocked, id=6776, stack(0x0000000002470000,0x0000000002570000)]

Other Threads:
  0x00000000551bb800 VMThread [stack: 0x0000000056240000,0x0000000056340000] [id=2664]
  0x0000000056600800 WatcherThread [stack: 0x0000000056c00000,0x0000000056d00000] [id=3896]

VM state:not at safepoint (normal execution)

VM Mutex/Monitor currently owned by a thread: None

Heap:
 PSYoungGen      total 35328K, used 28546K [0x00000000eab00000, 0x00000000ef000000, 0x0000000100000000)
  eden space 32768K, 79% used [0x00000000eab00000,0x00000000ec468898,0x00000000ecb00000)
  from space 2560K, 98% used [0x00000000ecb00000,0x00000000ecd78020,0x00000000ecd80000)
  to   space 2560K, 0% used [0x00000000eed80000,0x00000000eed80000,0x00000000ef000000)
 ParOldGen       total 44032K, used 5895K [0x00000000c0000000, 0x00000000c2b00000, 0x00000000eab00000)
  object space 44032K, 13% used [0x00000000c0000000,0x00000000c05c1de8,0x00000000c2b00000)
 Metaspace       used 17609K, capacity 17940K, committed 18176K, reserved 1064960K
  class space    used 2401K, capacity 2510K, committed 2560K, reserved 1048576K

Card table byte_map: [0x0000000011c00000,0x0000000011e10000] byte_map_base: 0x0000000011600000

Marking Bits: (ParMarkBitMap*) 0x000000007075a5b0
 Begin Bits: [0x0000000012630000, 0x0000000013630000)
 End Bits:   [0x0000000013630000, 0x0000000014630000)

Polling page: 0x0000000000130000

CodeCache: size=245760Kb used=4851Kb max_used=4851Kb free=240909Kb
 bounds [0x0000000002840000, 0x0000000002d00000, 0x0000000011840000]
 total_blobs=1840 nmethods=1468 adapters=284
 compilation: enabled

Compilation events (10 events):
Event: 2.057 Thread 0x000000005655a800 1469       3       sun.misc.JarIndex::get (49 bytes)
Event: 2.057 Thread 0x000000005655a800 nmethod 1469 0x0000000002cfc610 code [0x0000000002cfc7e0, 0x0000000002cfd018]
Event: 2.063 Thread 0x000000005655a800 1471       3       java.util.regex.Pattern$Curly::match0 (174 bytes)
Event: 2.064 Thread 0x000000005655a800 nmethod 1471 0x0000000002cfd550 code [0x0000000002cfd740, 0x0000000002cfe138]
Event: 2.064 Thread 0x000000005655a800 1472       3       sun.reflect.ReflectionFactory::checkInitted (19 bytes)
Event: 2.064 Thread 0x000000005655a800 nmethod 1472 0x0000000002cfe490 code [0x0000000002cfe600, 0x0000000002cfe8c8]
Event: 2.067 Thread 0x000000005655a800 1473       3       java.lang.Class::isAnnotation (17 bytes)
Event: 2.068 Thread 0x000000005655a800 nmethod 1473 0x0000000002cfe9d0 code [0x0000000002cfeb40, 0x0000000002cfeda8]
Event: 2.086 Thread 0x000000005655a800 1474       1       java.util.Hashtable$Entry::getValue (5 bytes)
Event: 2.086 Thread 0x000000005655a800 nmethod 1474 0x0000000002cfee50 code [0x0000000002cfefa0, 0x0000000002cff0b0]

GC Heap History (6 events):
Event: 0.425 GC heap before
{Heap before GC invocations=1 (full 0):
 PSYoungGen      total 18944K, used 16384K [0x00000000eab00000, 0x00000000ec000000, 0x0000000100000000)
  eden space 16384K, 100% used [0x00000000eab00000,0x00000000ebb00000,0x00000000ebb00000)
  from space 2560K, 0% used [0x00000000ebd80000,0x00000000ebd80000,0x00000000ec000000)
  to   space 2560K, 0% used [0x00000000ebb00000,0x00000000ebb00000,0x00000000ebd80000)
 ParOldGen       total 44032K, used 0K [0x00000000c0000000, 0x00000000c2b00000, 0x00000000eab00000)
  object space 44032K, 0% used [0x00000000c0000000,0x00000000c0000000,0x00000000c2b00000)
 Metaspace       used 6442K, capacity 6632K, committed 6784K, reserved 1056768K
  class space    used 839K, capacity 888K, committed 896K, reserved 1048576K
Event: 0.429 GC heap after
Heap after GC invocations=1 (full 0):
 PSYoungGen      total 18944K, used 2546K [0x00000000eab00000, 0x00000000ed000000, 0x0000000100000000)
  eden space 16384K, 0% used [0x00000000eab00000,0x00000000eab00000,0x00000000ebb00000)
  from space 2560K, 99% used [0x00000000ebb00000,0x00000000ebd7c8b8,0x00000000ebd80000)
  to   space 2560K, 0% used [0x00000000ecd80000,0x00000000ecd80000,0x00000000ed000000)
 ParOldGen       total 44032K, used 913K [0x00000000c0000000, 0x00000000c2b00000, 0x00000000eab00000)
  object space 44032K, 2% used [0x00000000c0000000,0x00000000c00e4430,0x00000000c2b00000)
 Metaspace       used 6442K, capacity 6632K, committed 6784K, reserved 1056768K
  class space    used 839K, capacity 888K, committed 896K, reserved 1048576K
}
Event: 0.721 GC heap before
{Heap before GC invocations=2 (full 0):
 PSYoungGen      total 18944K, used 18930K [0x00000000eab00000, 0x00000000ed000000, 0x0000000100000000)
  eden space 16384K, 100% used [0x00000000eab00000,0x00000000ebb00000,0x00000000ebb00000)
  from space 2560K, 99% used [0x00000000ebb00000,0x00000000ebd7c8b8,0x00000000ebd80000)
  to   space 2560K, 0% used [0x00000000ecd80000,0x00000000ecd80000,0x00000000ed000000)
 ParOldGen       total 44032K, used 913K [0x00000000c0000000, 0x00000000c2b00000, 0x00000000eab00000)
  object space 44032K, 2% used [0x00000000c0000000,0x00000000c00e4430,0x00000000c2b00000)
 Metaspace       used 7672K, capacity 7872K, committed 8064K, reserved 1056768K
  class space    used 1000K, capacity 1088K, committed 1152K, reserved 1048576K
Event: 0.725 GC heap after
Heap after GC invocations=2 (full 0):
 PSYoungGen      total 35328K, used 2556K [0x00000000eab00000, 0x00000000ed000000, 0x0000000100000000)
  eden space 32768K, 0% used [0x00000000eab00000,0x00000000eab00000,0x00000000ecb00000)
  from space 2560K, 99% used [0x00000000ecd80000,0x00000000ecfff1b8,0x00000000ed000000)
  to   space 2560K, 0% used [0x00000000ecb00000,0x00000000ecb00000,0x00000000ecd80000)
 ParOldGen       total 44032K, used 1262K [0x00000000c0000000, 0x00000000c2b00000, 0x00000000eab00000)
  object space 44032K, 2% used [0x00000000c0000000,0x00000000c013b930,0x00000000c2b00000)
 Metaspace       used 7672K, capacity 7872K, committed 8064K, reserved 1056768K
  class space    used 1000K, capacity 1088K, committed 1152K, reserved 1048576K
}
Event: 1.627 GC heap before
{Heap before GC invocations=3 (full 0):
 PSYoungGen      total 35328K, used 35324K [0x00000000eab00000, 0x00000000ed000000, 0x0000000100000000)
  eden space 32768K, 100% used [0x00000000eab00000,0x00000000ecb00000,0x00000000ecb00000)
  from space 2560K, 99% used [0x00000000ecd80000,0x00000000ecfff1b8,0x00000000ed000000)
  to   space 2560K, 0% used [0x00000000ecb00000,0x00000000ecb00000,0x00000000ecd80000)
 ParOldGen       total 44032K, used 1262K [0x00000000c0000000, 0x00000000c2b00000, 0x00000000eab00000)
  object space 44032K, 2% used [0x00000000c0000000,0x00000000c013b930,0x00000000c2b00000)
 Metaspace       used 13539K, capacity 13922K, committed 14080K, reserved 1060864K
  class space    used 1819K, capacity 1963K, committed 2048K, reserved 1048576K
Event: 1.636 GC heap after
Heap after GC invocations=3 (full 0):
 PSYoungGen      total 35328K, used 2528K [0x00000000eab00000, 0x00000000ef000000, 0x0000000100000000)
  eden space 32768K, 0% used [0x00000000eab00000,0x00000000eab00000,0x00000000ecb00000)
  from space 2560K, 98% used [0x00000000ecb00000,0x00000000ecd78020,0x00000000ecd80000)
  to   space 2560K, 0% used [0x00000000eed80000,0x00000000eed80000,0x00000000ef000000)
 ParOldGen       total 44032K, used 5895K [0x00000000c0000000, 0x00000000c2b00000, 0x00000000eab00000)
  object space 44032K, 13% used [0x00000000c0000000,0x00000000c05c1de8,0x00000000c2b00000)
 Metaspace       used 13539K, capacity 13922K, committed 14080K, reserved 1060864K
  class space    used 1819K, capacity 1963K, committed 2048K, reserved 1048576K
}

Deoptimization events (10 events):
Event: 1.233 Thread 0x0000000057c42000 Uncommon trap: reason=bimorphic action=maybe_recompile pc=0x0000000002a8730c method=java.util.HashMap.putVal(ILjava/lang/Object;Ljava/lang/Object;ZZ)Ljava/lang/Object; @ 253
Event: 1.233 Thread 0x0000000057c42000 Uncommon trap: reason=bimorphic action=maybe_recompile pc=0x0000000002a8730c method=java.util.HashMap.putVal(ILjava/lang/Object;Ljava/lang/Object;ZZ)Ljava/lang/Object; @ 253
Event: 1.474 Thread 0x0000000057c42000 Uncommon trap: reason=unstable_if action=reinterpret pc=0x0000000002ad6cb0 method=java.util.HashMap.getNode(ILjava/lang/Object;)Ljava/util/HashMap$Node; @ 129
Event: 1.474 Thread 0x0000000057c42000 Uncommon trap: reason=unstable_if action=reinterpret pc=0x0000000002aa8ca8 method=java.util.HashMap.getNode(ILjava/lang/Object;)Ljava/util/HashMap$Node; @ 129
Event: 1.866 Thread 0x0000000057c42000 Uncommon trap: reason=class_check action=maybe_recompile pc=0x0000000002a7b810 method=java.util.regex.Matcher.match(II)Z @ 86
Event: 1.866 Thread 0x0000000057c42000 Uncommon trap: reason=class_check action=maybe_recompile pc=0x0000000002a7b810 method=java.util.regex.Matcher.match(II)Z @ 86
Event: 1.967 Thread 0x0000000057c42000 Uncommon trap: reason=class_check action=maybe_recompile pc=0x0000000002ccdb68 method=org.gradle.internal.service.DefaultServiceRegistry$SingletonService.getService(Lorg/gradle/internal/service/DefaultServiceRegistry$LookupContext;Lorg/gradle/internal/servjüR_zÿ?
Event: 1.967 Thread 0x0000000057c42000 Uncommon trap: reason=class_check action=maybe_recompile pc=0x0000000002ccdb68 method=org.gradle.internal.service.DefaultServiceRegistry$SingletonService.getService(Lorg/gradle/internal/service/DefaultServiceRegistry$LookupContext;Lorg/gradle/internal/servoõV£vzÿ?
Event: 1.967 Thread 0x0000000057c42000 Uncommon trap: reason=class_check action=maybe_recompile pc=0x0000000002ccdb68 method=org.gradle.internal.service.DefaultServiceRegistry$SingletonService.getService(Lorg/gradle/internal/service/DefaultServiceRegistry$LookupContext;Lorg/gradle/internal/servÈ;¢ëŠzÿ?
Event: 1.967 Thread 0x0000000057c42000 Uncommon trap: reason=class_check action=maybe_recompile pc=0x0000000002ccdb68 method=org.gradle.internal.service.DefaultServiceRegistry$SingletonService.getService(Lorg/gradle/internal/service/DefaultServiceRegistry$LookupContext;Lorg/gradle/internal/serv5ß»§¹ó?

Internal exceptions (10 events):
Event: 1.775 Thread 0x0000000057c42000 Exception <a 'java/lang/ClassNotFoundException': java/lang/ObjectCustomizer> (0x00000000eaf8f8d0) thrown at [C:\re\workspace\8-2-build-windows-amd64-cygwin\jdk8u66\5298\hotspot\src\share\vm\classfile\systemDictionary.cpp, line 210]
Event: 1.780 Thread 0x0000000057c42000 Exception <a 'java/lang/ClassNotFoundException': groovy/lang/MetaClassImplCustomizer> (0x00000000eafa24e8) thrown at [C:\re\workspace\8-2-build-windows-amd64-cygwin\jdk8u66\5298\hotspot\src\share\vm\classfile\systemDictionary.cpp, line 210]
Event: 1.781 Thread 0x0000000057c42000 Exception <a 'java/lang/ClassNotFoundException': groovy/lang/ExpandoMetaClassCustomizer> (0x00000000eafd52b0) thrown at [C:\re\workspace\8-2-build-windows-amd64-cygwin\jdk8u66\5298\hotspot\src\share\vm\classfile\systemDictionary.cpp, line 210]
Event: 1.788 Thread 0x0000000057c42000 Exception <a 'java/lang/ClassNotFoundException': org/gradle/api/internal/plugins/DefaultExtraPropertiesExtensionBeanInfo> (0x00000000eb055338) thrown at [C:\re\workspace\8-2-build-windows-amd64-cygwin\jdk8u66\5298\hotspot\src\share\vm\classfile\systemDictiÕ/“fþœü?
Event: 1.788 Thread 0x0000000057c42000 Exception <a 'java/lang/ClassNotFoundException': groovy/lang/GroovyObjectSupportBeanInfo> (0x00000000eb0611b0) thrown at [C:\re\workspace\8-2-build-windows-amd64-cygwin\jdk8u66\5298\hotspot\src\share\vm\classfile\systemDictionary.cpp, line 210]
Event: 1.789 Thread 0x0000000057c42000 Exception <a 'java/lang/ClassNotFoundException': groovy/lang/GroovyObjectSupportCustomizer> (0x00000000eb06d3b0) thrown at [C:\re\workspace\8-2-build-windows-amd64-cygwin\jdk8u66\5298\hotspot\src\share\vm\classfile\systemDictionary.cpp, line 210]
Event: 1.789 Thread 0x0000000057c42000 Exception <a 'java/lang/ClassNotFoundException': org/gradle/api/internal/plugins/DefaultExtraPropertiesExtensionCustomizer> (0x00000000eb083830) thrown at [C:\re\workspace\8-2-build-windows-amd64-cygwin\jdk8u66\5298\hotspot\src\share\vm\classfile\systemDic—ó ¾/ìÿ?
Event: 1.995 Thread 0x0000000057c42000 Exception <a 'java/lang/NoSuchMethodError': <clinit>> (0x00000000ebcb1e88) thrown at [C:\re\workspace\8-2-build-windows-amd64-cygwin\jdk8u66\5298\hotspot\src\share\vm\prims\jni.cpp, line 1591]
Event: 1.996 Thread 0x0000000057c42000 Exception <a 'java/lang/NoSuchMethodError': <clinit>> (0x00000000ebcb6420) thrown at [C:\re\workspace\8-2-build-windows-amd64-cygwin\jdk8u66\5298\hotspot\src\share\vm\prims\jni.cpp, line 1591]
Event: 1.997 Thread 0x0000000057c42000 Exception <a 'java/lang/NoSuchMethodError': <clinit>> (0x00000000ebcb8820) thrown at [C:\re\workspace\8-2-build-windows-amd64-cygwin\jdk8u66\5298\hotspot\src\share\vm\prims\jni.cpp, line 1591]

Events (10 events):
Event: 2.102 loading class org/gradle/mvn3/org/codehaus/plexus/interpolation/os/OperatingSystemUtils
Event: 2.102 loading class org/gradle/mvn3/org/codehaus/plexus/interpolation/os/OperatingSystemUtils done
Event: 2.102 loading class org/gradle/mvn3/org/codehaus/plexus/interpolation/os/Os
Event: 2.102 loading class org/gradle/mvn3/org/codehaus/plexus/interpolation/os/Os done
Event: 2.103 loading class java/lang/ProcessBuilder
Event: 2.103 loading class java/lang/ProcessBuilder done
Event: 2.103 loading class java/lang/ProcessImpl
Event: 2.103 loading class java/lang/ProcessImpl done
Event: 2.105 loading class java/lang/ProcessImpl$2
Event: 2.105 loading class java/lang/ProcessImpl$2 done


Dynamic libraries:
0x000000013fbd0000 - 0x000000013fc07000 	C:\Program Files\Java\jdk1.8.0_66\bin\java.exe
0x00000000775b0000 - 0x0000000077759000 	C:\Windows\SYSTEM32\ntdll.dll
0x0000000077390000 - 0x00000000774b0000 	C:\Windows\system32\kernel32.dll
0x000007fefd850000 - 0x000007fefd8bc000 	C:\Windows\system32\KERNELBASE.dll
0x000007fefdc80000 - 0x000007fefdd5b000 	C:\Windows\system32\ADVAPI32.dll
0x000007fefd8c0000 - 0x000007fefd95f000 	C:\Windows\system32\msvcrt.dll
0x000007fefdfe0000 - 0x000007fefdfff000 	C:\Windows\SYSTEM32\sechost.dll
0x000007fefe000000 - 0x000007fefe12d000 	C:\Windows\system32\RPCRT4.dll
0x00000000774b0000 - 0x00000000775aa000 	C:\Windows\system32\USER32.dll
0x000007fefe650000 - 0x000007fefe6b7000 	C:\Windows\system32\GDI32.dll
0x000007fefe4e0000 - 0x000007fefe4ee000 	C:\Windows\system32\LPK.dll
0x000007fefe390000 - 0x000007fefe45a000 	C:\Windows\system32\USP10.dll
0x000007fefbb60000 - 0x000007fefbd54000 	C:\Windows\WinSxS\amd64_microsoft.windows.common-controls_6595b64144ccf1df_6.0.7601.18837_none_fa3b1e3d17594757\COMCTL32.dll
0x000007fefdd60000 - 0x000007fefddd1000 	C:\Windows\system32\SHLWAPI.dll
0x000007fefe4f0000 - 0x000007fefe51e000 	C:\Windows\system32\IMM32.DLL
0x000007fefd960000 - 0x000007fefda69000 	C:\Windows\system32\MSCTF.dll
0x0000000060d40000 - 0x0000000060e12000 	C:\Program Files\Java\jdk1.8.0_66\jre\bin\msvcr100.dll
0x000000006ff50000 - 0x00000000707d9000 	C:\Program Files\Java\jdk1.8.0_66\jre\bin\server\jvm.dll
0x000007fefa0b0000 - 0x000007fefa0b9000 	C:\Windows\system32\WSOCK32.dll
0x000007fefddf0000 - 0x000007fefde3d000 	C:\Windows\system32\WS2_32.dll
0x000007fefdde0000 - 0x000007fefdde8000 	C:\Windows\system32\NSI.dll
0x000007fefbad0000 - 0x000007fefbb0b000 	C:\Windows\system32\WINMM.dll
0x000007fefc600000 - 0x000007fefc60c000 	C:\Windows\system32\VERSION.dll
0x0000000077780000 - 0x0000000077787000 	C:\Windows\system32\PSAPI.DLL
0x0000000062010000 - 0x000000006201f000 	C:\Program Files\Java\jdk1.8.0_66\jre\bin\verify.dll
0x0000000061c70000 - 0x0000000061c99000 	C:\Program Files\Java\jdk1.8.0_66\jre\bin\java.dll
0x0000000061ff0000 - 0x0000000062006000 	C:\Program Files\Java\jdk1.8.0_66\jre\bin\zip.dll
0x000007fefe6c0000 - 0x000007feff449000 	C:\Windows\system32\SHELL32.dll
0x000007fefda70000 - 0x000007fefdc73000 	C:\Windows\system32\ole32.dll
0x000007fefd4b0000 - 0x000007fefd4bf000 	C:\Windows\system32\profapi.dll
0x000007fefcd80000 - 0x000007fefcd98000 	C:\Windows\system32\CRYPTSP.dll
0x000007fefca80000 - 0x000007fefcac7000 	C:\Windows\system32\rsaenh.dll
0x000007fefc7e0000 - 0x000007fefc7fe000 	C:\Windows\system32\USERENV.dll
0x000007fefd3e0000 - 0x000007fefd3ef000 	C:\Windows\system32\CRYPTBASE.dll
0x0000000061db0000 - 0x0000000061dca000 	C:\Program Files\Java\jdk1.8.0_66\jre\bin\net.dll
0x000007fefcd20000 - 0x000007fefcd75000 	C:\Windows\system32\mswsock.dll
0x000007fefcd10000 - 0x000007fefcd17000 	C:\Windows\System32\wship6.dll
0x000007fefb730000 - 0x000007fefb757000 	C:\Windows\system32\IPHLPAPI.DLL
0x000007fefb720000 - 0x000007fefb72b000 	C:\Windows\system32\WINNSI.DLL
0x000007fefb360000 - 0x000007fefb371000 	C:\Windows\system32\dhcpcsvc6.DLL
0x000007fefb3d0000 - 0x000007fefb3e8000 	C:\Windows\system32\dhcpcsvc.DLL
0x0000000061c20000 - 0x0000000061c31000 	C:\Program Files\Java\jdk1.8.0_66\jre\bin\nio.dll
0x000007fef6500000 - 0x000007fef6512000 	C:\Users\tinaye\AppData\Local\Temp\native-platform4878879804028667801dir\native-platform.dll
0x000007fefd380000 - 0x000007fefd3d7000 	C:\Windows\system32\apphelp.dll

VM Arguments:
jvm_args: -XX:MaxPermSize=256m -XX:+HeapDumpOnOutOfMemoryError -Xmx1024m -Dfile.encoding=windows-1252 -Duser.country=US -Duser.language=en -Duser.variant 
java_command: org.gradle.launcher.daemon.bootstrap.GradleDaemon 2.2.1 C:\Users\tinaye\.gradle\daemon 10800000 ac8e1221-f463-4612-8242-25762837fcb9 -XX:MaxPermSize=256m -XX:+HeapDumpOnOutOfMemoryError -Xmx1024m -Dfile.encoding=windows-1252 -Duser.country=US -Duser.language=en -Duser.variant
java_class_path (initial): C:\Users\tinaye\.gradle\wrapper\dists\gradle-2.2.1-all\2m8005s69iu8v0oiejfej094b\gradle-2.2.1\lib\gradle-launcher-2.2.1.jar
Launcher Type: SUN_STANDARD

Environment Variables:
JAVA_HOME=C:\Program Files\Java\jdk1.8.0_66
CLASSPATH=C:\Users\tinaye\Desktop\me\platforms\android\\gradle\wrapper\gradle-wrapper.jar
PATH=C:\Users\tinaye\AppData\Roaming\npm;C:\Program Files\nodejs\;C:\ProgramData\Oracle\Java\javapath;C:\Program Files (x86)\Intel\iCLS Client\;C:\Program Files\Intel\iCLS Client\;C:\Windows\system32;C:\Windows;C:\Windows\System32\Wbem;C:\Windows\System32\WindowsPowerShell\v1.0\;C:\Program Files\Intel\Intel(R) Management Engine Components\DAL;C:\Program Files\Intel\Intel(R) Management Engine Components\IPT;C:\Program Files (x86)\Intel\Intel(R) Management Engine Components\DAL;C:\Program Files (x86)\Intel\Intel(R) Management Engine Components\IPT;C:\Program Files\Java\jre1.8.0_66\bin;C:\Program Files\ant\bin;C:\Program Files\Java\jdk1.8.0_66\bin;C:\Program Files\android-sdk-windows\tools;C:\Program Files\android-sdk-windows\platform-tools;C:\Program Files\nodejs\;C:\Users\tinaye\AppData\Roaming\npm
USERNAME=TinaYe
OS=Windows_NT
PROCESSOR_IDENTIFIER=Intel64 Family 6 Model 69 Stepping 1, GenuineIntel



---------------  S Y S T E M  ---------------

OS: Windows 7 , 64 bit Build 7601 (6.1.7601.19045)

CPU:total 4 (2 cores per cpu, 2 threads per core) family 6 model 69 stepping 1, cmov, cx8, fxsr, mmx, sse, sse2, sse3, ssse3, sse4.1, sse4.2, popcnt, avx, avx2, aes, clmul, erms, rtm, lzcnt, ht, tsc, tscinvbit, bmi1, bmi2

Memory: 4k page, physical 4097552k(428160k free), swap 4095716k(5152k free)

vm_info: Java HotSpot(TM) 64-Bit Server VM (25.66-b18) for windows-amd64 JRE (1.8.0_66-b18), built on Nov  9 2015 10:51:13 by "java_re" with MS VC++ 10.0 (VS2010)

time: Tue Jan 19 17:56:25 2016
elapsed time: 2 seconds (0d 0h 0m 2s)

